<?xml version="1.0" encoding="UTF-8"?>
<!-- Generated by org.testng.reporters.JUnitReportReporter -->
<testsuite skipped="0" hostname="DESKTOP-2F9I86H" name="TestCases.LoginTestCase" tests="1" failures="0" timestamp="2020-04-07T13:11:30 IST" time="16.781" errors="0">
  <testcase name="fbLoginTest" time="16.781" classname="TestCases.LoginTestCase"/>
</testsuite> <!-- TestCases.LoginTestCase -->
